[Wed Feb 22 22:54:46 2012] [debug] Reading config file "/Users/yusuke/work/dropbox/dropdown/config.conf".
[Wed Feb 22 22:54:46 2012] [debug] Your secret passphrase needs to be changed!!!
[Wed Feb 22 22:54:46 2012] [debug] GET / (Mozilla/5.0 (Macintosh; Intel Mac OS X 10.7; rv:10.0.2) Gecko/20100101 Firefox/10.0.2).
[Wed Feb 22 22:54:46 2012] [debug] Dispatching "Dropdown::Root->index".
[Wed Feb 22 22:54:47 2012] [debug] Rendering template "root/index.html.ep".
[Wed Feb 22 22:54:47 2012] [debug] Rendering template "layouts/default.html.ep".
[Wed Feb 22 22:54:47 2012] [debug] 200 OK (0.912435s, 1.096/s).
[Wed Feb 22 22:54:53 2012] [debug] GET / (Mozilla/5.0 (Macintosh; Intel Mac OS X 10.7; rv:10.0.2) Gecko/20100101 Firefox/10.0.2).
[Wed Feb 22 22:54:53 2012] [debug] Dispatching "Dropdown::Root->index".
[Wed Feb 22 22:54:53 2012] [debug] 200 OK (0.602599s, 1.659/s).
[Wed Feb 22 22:56:18 2012] [debug] Reading config file "/Users/yusuke/work/dropbox/dropdown/config.conf".
[Wed Feb 22 22:56:18 2012] [debug] Your secret passphrase needs to be changed!!!
[Wed Feb 22 22:56:18 2012] [debug] GET / (Mozilla/5.0 (Macintosh; Intel Mac OS X 10.7; rv:10.0.2) Gecko/20100101 Firefox/10.0.2).
[Wed Feb 22 22:56:18 2012] [debug] Dispatching "Dropdown::Root->index".
[Wed Feb 22 22:56:19 2012] [debug] Rendering template "root/index.html.ep".
[Wed Feb 22 22:56:19 2012] [debug] Rendering template "layouts/default.html.ep".
[Wed Feb 22 22:56:19 2012] [debug] 200 OK (0.989239s, 1.011/s).
[Wed Feb 22 22:56:20 2012] [debug] GET /logout (Mozilla/5.0 (Macintosh; Intel Mac OS X 10.7; rv:10.0.2) Gecko/20100101 Firefox/10.0.2).
[Wed Feb 22 22:56:20 2012] [debug] Dispatching "Dropdown::Root->logout".
[Wed Feb 22 22:56:20 2012] [debug] 302 Found (0.001429s, 699.790/s).
[Wed Feb 22 22:56:20 2012] [debug] GET / (Mozilla/5.0 (Macintosh; Intel Mac OS X 10.7; rv:10.0.2) Gecko/20100101 Firefox/10.0.2).
[Wed Feb 22 22:56:20 2012] [debug] Dispatching "Dropdown::Root->index".
[Wed Feb 22 22:56:21 2012] [debug] 200 OK (0.590151s, 1.694/s).
[Wed Feb 22 22:56:23 2012] [debug] GET /logout (Mozilla/5.0 (Macintosh; Intel Mac OS X 10.7; rv:10.0.2) Gecko/20100101 Firefox/10.0.2).
[Wed Feb 22 22:56:23 2012] [debug] Dispatching "Dropdown::Root->logout".
[Wed Feb 22 22:56:23 2012] [debug] 302 Found (0.001022s, 978.474/s).
[Wed Feb 22 22:56:23 2012] [debug] GET / (Mozilla/5.0 (Macintosh; Intel Mac OS X 10.7; rv:10.0.2) Gecko/20100101 Firefox/10.0.2).
[Wed Feb 22 22:56:23 2012] [debug] Dispatching "Dropdown::Root->index".
[Wed Feb 22 22:56:23 2012] [debug] 200 OK (0.621249s, 1.610/s).
[Wed Feb 22 22:57:10 2012] [debug] Reading config file "/Users/yusuke/work/dropbox/dropdown/config.conf".
[Wed Feb 22 22:57:10 2012] [debug] Your secret passphrase needs to be changed!!!
[Wed Feb 22 22:57:10 2012] [debug] GET / (Mozilla/5.0 (Macintosh; Intel Mac OS X 10.7; rv:10.0.2) Gecko/20100101 Firefox/10.0.2).
[Wed Feb 22 22:57:10 2012] [debug] Dispatching "Dropdown::Root->index".
[Wed Feb 22 22:57:11 2012] [debug] Rendering template "root/index.html.ep".
[Wed Feb 22 22:57:11 2012] [debug] Rendering template "layouts/default.html.ep".
[Wed Feb 22 22:57:11 2012] [debug] 200 OK (1.034293s, 0.967/s).
[Wed Feb 22 22:57:34 2012] [debug] Reading config file "/Users/yusuke/work/dropbox/dropdown/config.conf".
[Wed Feb 22 22:57:34 2012] [debug] Your secret passphrase needs to be changed!!!
[Wed Feb 22 22:57:34 2012] [debug] GET / (Mozilla/5.0 (Macintosh; Intel Mac OS X 10.7; rv:10.0.2) Gecko/20100101 Firefox/10.0.2).
[Wed Feb 22 22:57:34 2012] [debug] Dispatching "Dropdown::Root->index".
[Wed Feb 22 22:57:34 2012] [debug] Rendering template "root/index.html.ep".
[Wed Feb 22 22:57:34 2012] [debug] Rendering template "layouts/default.html.ep".
[Wed Feb 22 22:57:34 2012] [debug] 200 OK (0.730428s, 1.369/s).
[Wed Feb 22 22:57:37 2012] [debug] GET /login (Mozilla/5.0 (Macintosh; Intel Mac OS X 10.7; rv:10.0.2) Gecko/20100101 Firefox/10.0.2).
[Wed Feb 22 22:57:37 2012] [debug] Dispatching "Dropdown::Root->login".
[Wed Feb 22 22:57:37 2012] [error] Missing required parameter 'token' at /Library/Perl/5.12/WebService/Dropbox.pm line 73

[Wed Feb 22 22:57:37 2012] [debug] Template "exception.development.html.ep" not found.
[Wed Feb 22 22:57:37 2012] [debug] Template "exception.html.ep" not found.
[Wed Feb 22 22:57:37 2012] [debug] Rendering inline template.
[Wed Feb 22 22:57:37 2012] [debug] 500 Internal Server Error (0.622233s, 1.607/s).
[Wed Feb 22 22:57:37 2012] [error] Missing required parameter 'token' at /Library/Perl/5.12/WebService/Dropbox.pm line 73

[Wed Feb 22 22:58:03 2012] [debug] Reading config file "/Users/yusuke/work/dropbox/dropdown/config.conf".
[Wed Feb 22 22:58:03 2012] [debug] Your secret passphrase needs to be changed!!!
[Wed Feb 22 22:58:03 2012] [debug] GET / (Mozilla/5.0 (Macintosh; Intel Mac OS X 10.7; rv:10.0.2) Gecko/20100101 Firefox/10.0.2).
[Wed Feb 22 22:58:03 2012] [debug] Dispatching "Dropdown::Root->index".
[Wed Feb 22 22:58:03 2012] [debug] Rendering template "root/index.html.ep".
[Wed Feb 22 22:58:03 2012] [debug] Rendering template "layouts/default.html.ep".
[Wed Feb 22 22:58:03 2012] [debug] 200 OK (0.782904s, 1.277/s).
[Wed Feb 22 22:58:24 2012] [debug] Reading config file "/Users/yusuke/work/dropbox/dropdown/config.conf".
[Wed Feb 22 22:58:24 2012] [debug] Your secret passphrase needs to be changed!!!
[Wed Feb 22 22:58:24 2012] [debug] GET / (Mozilla/5.0 (Macintosh; Intel Mac OS X 10.7; rv:10.0.2) Gecko/20100101 Firefox/10.0.2).
[Wed Feb 22 22:58:24 2012] [debug] Dispatching "Dropdown::Root->index".
[Wed Feb 22 22:58:25 2012] [debug] Rendering template "root/index.html.ep".
[Wed Feb 22 22:58:25 2012] [debug] Rendering template "layouts/default.html.ep".
[Wed Feb 22 22:58:25 2012] [debug] 200 OK (0.770547s, 1.298/s).
[Wed Feb 22 22:59:10 2012] [debug] Reading config file "/Users/yusuke/work/dropbox/dropdown/config.conf".
[Wed Feb 22 22:59:10 2012] [debug] Your secret passphrase needs to be changed!!!
[Wed Feb 22 22:59:10 2012] [debug] GET / (Mozilla/5.0 (Macintosh; Intel Mac OS X 10.7; rv:10.0.2) Gecko/20100101 Firefox/10.0.2).
[Wed Feb 22 22:59:10 2012] [debug] Dispatching "Dropdown::Root->index".
[Wed Feb 22 22:59:11 2012] [debug] Rendering template "root/index.html.ep".
[Wed Feb 22 22:59:11 2012] [debug] Rendering template "layouts/default.html.ep".
[Wed Feb 22 22:59:11 2012] [debug] 200 OK (1.163381s, 0.860/s).
[Wed Feb 22 22:59:14 2012] [debug] GET /dropbox/ (Mozilla/5.0 (Macintosh; Intel Mac OS X 10.7; rv:10.0.2) Gecko/20100101 Firefox/10.0.2).
[Wed Feb 22 22:59:14 2012] [debug] Template "not_found.development.html.ep" not found.
[Wed Feb 22 22:59:14 2012] [debug] Template "not_found.html.ep" not found.
[Wed Feb 22 22:59:14 2012] [debug] Rendering inline template.
[Wed Feb 22 22:59:14 2012] [debug] 404 Not Found (0.013683s, 73.083/s).
[Wed Feb 22 23:01:16 2012] [debug] Reading config file "/Users/yusuke/work/dropbox/dropdown/config.conf".
[Wed Feb 22 23:01:16 2012] [debug] Your secret passphrase needs to be changed!!!
[Wed Feb 22 23:01:16 2012] [debug] GET / (Mozilla/5.0 (Macintosh; Intel Mac OS X 10.7; rv:10.0.2) Gecko/20100101 Firefox/10.0.2).
[Wed Feb 22 23:01:16 2012] [debug] Dispatching "Dropdown::Root->index".
[Wed Feb 22 23:01:17 2012] [debug] Rendering template "root/index.html.ep".
[Wed Feb 22 23:01:17 2012] [debug] Rendering template "layouts/default.html.ep".
[Wed Feb 22 23:01:17 2012] [debug] 200 OK (1.043683s, 0.958/s).
[Wed Feb 22 23:04:48 2012] [debug] Reading config file "/Users/yusuke/work/dropbox/dropdown/config.conf".
[Wed Feb 22 23:04:48 2012] [debug] Your secret passphrase needs to be changed!!!
[Wed Feb 22 23:04:48 2012] [debug] GET / (Mozilla/5.0 (Macintosh; Intel Mac OS X 10.7; rv:10.0.2) Gecko/20100101 Firefox/10.0.2).
[Wed Feb 22 23:04:48 2012] [debug] Dispatching "Dropdown::Root->index".
[Wed Feb 22 23:04:48 2012] [debug] Rendering template "root/index.html.ep".
[Wed Feb 22 23:04:48 2012] [debug] Rendering template "layouts/default.html.ep".
[Wed Feb 22 23:04:48 2012] [debug] 200 OK (0.693124s, 1.443/s).
[Wed Feb 22 23:04:51 2012] [debug] GET /dropbox/ (Mozilla/5.0 (Macintosh; Intel Mac OS X 10.7; rv:10.0.2) Gecko/20100101 Firefox/10.0.2).
[Wed Feb 22 23:04:51 2012] [debug] Dispatching "Dropdown::Dropbox->dropbox".
[Wed Feb 22 23:04:52 2012] [debug] Rendering template "dropbox/list.html.ep".
[Wed Feb 22 23:04:52 2012] [debug] Rendering template "layouts/default.html.ep".
[Wed Feb 22 23:04:52 2012] [debug] 200 OK (0.974332s, 1.026/s).
[Wed Feb 22 23:04:54 2012] [debug] GET /dropbox/mag2 (Mozilla/5.0 (Macintosh; Intel Mac OS X 10.7; rv:10.0.2) Gecko/20100101 Firefox/10.0.2).
[Wed Feb 22 23:04:54 2012] [debug] Dispatching "Dropdown::Dropbox->dropbox".
[Wed Feb 22 23:04:55 2012] [debug] 200 OK (0.597549s, 1.674/s).
[Wed Feb 22 23:04:57 2012] [debug] GET /dropbox/mag2/0000.mkdn (Mozilla/5.0 (Macintosh; Intel Mac OS X 10.7; rv:10.0.2) Gecko/20100101 Firefox/10.0.2).
[Wed Feb 22 23:04:57 2012] [debug] Dispatching "Dropdown::Dropbox->dropbox".
[Wed Feb 22 23:05:00 2012] [debug] Rendering template "dropbox/markdown.html.ep".
[Wed Feb 22 23:05:00 2012] [debug] Rendering template "layouts/default.html.ep".
[Wed Feb 22 23:05:00 2012] [debug] 200 OK (2.606509s, 0.384/s).
[Wed Feb 22 23:05:15 2012] [debug] Reading config file "/Users/yusuke/work/dropbox/dropdown/config.conf".
[Wed Feb 22 23:05:15 2012] [debug] Your secret passphrase needs to be changed!!!
[Wed Feb 22 23:05:15 2012] [debug] GET /dropbox/mag2/0000.mkdn (Mozilla/5.0 (Macintosh; Intel Mac OS X 10.7; rv:10.0.2) Gecko/20100101 Firefox/10.0.2).
[Wed Feb 22 23:05:15 2012] [debug] Dispatching "Dropdown::Dropbox->dropbox".
[Wed Feb 22 23:05:18 2012] [debug] Rendering template "dropbox/markdown.html.ep".
[Wed Feb 22 23:05:18 2012] [debug] Rendering template "layouts/default.html.ep".
[Wed Feb 22 23:05:18 2012] [debug] 200 OK (3.282293s, 0.305/s).
